<?xml version="1.0" encoding="UTF-8"?>
<testsuite xmlns:xsi="http://www.w3.org/2001/XMLSchema-instance" xsi:noNamespaceSchemaLocation="https://maven.apache.org/surefire/maven-surefire-plugin/xsd/surefire-test-report-3.0.xsd" version="3.0" name="TestSuite" time="2.326" tests="13" errors="0" skipped="0" failures="0">
  <properties>
    <property name="java.specification.version" value="17"/>
    <property name="sun.cpu.isalist" value="amd64"/>
    <property name="sun.jnu.encoding" value="Cp1252"/>
    <property name="java.class.path" value="C:\Users\nuthula_pooja\TestngCalculator\target\test-classes;C:\Users\nuthula_pooja\TestngCalculator\target\classes;C:\Users\nuthula_pooja\.m2\repository\org\testng\testng\7.10.2\testng-7.10.2.jar;C:\Users\nuthula_pooja\.m2\repository\org\slf4j\slf4j-api\1.7.36\slf4j-api-1.7.36.jar;C:\Users\nuthula_pooja\.m2\repository\com\beust\jcommander\1.82\jcommander-1.82.jar;C:\Users\nuthula_pooja\.m2\repository\org\webjars\jquery\3.7.1\jquery-3.7.1.jar;C:\Users\nuthula_pooja\.m2\repository\io\qameta\allure\allure-testng\2.17.3\allure-testng-2.17.3.jar;C:\Users\nuthula_pooja\.m2\repository\io\qameta\allure\allure-java-commons\2.17.3\allure-java-commons-2.17.3.jar;C:\Users\nuthula_pooja\.m2\repository\io\qameta\allure\allure-model\2.17.3\allure-model-2.17.3.jar;C:\Users\nuthula_pooja\.m2\repository\io\qameta\allure\allure-test-filter\2.17.3\allure-test-filter-2.17.3.jar;C:\Users\nuthula_pooja\.m2\repository\com\epam\tat\module4\1.0\module4-1.0.jar;C:\Users\nuthula_pooja\.m2\repository\junit\junit\4.12\junit-4.12.jar;C:\Users\nuthula_pooja\.m2\repository\org\hamcrest\hamcrest-core\1.3\hamcrest-core-1.3.jar;"/>
    <property name="java.vm.vendor" value="Oracle Corporation"/>
    <property name="sun.arch.data.model" value="64"/>
    <property name="user.variant" value=""/>
    <property name="java.vendor.url" value="https://java.oracle.com/"/>
    <property name="user.timezone" value="Asia/Calcutta"/>
    <property name="os.name" value="Windows 11"/>
    <property name="java.vm.specification.version" value="17"/>
    <property name="sun.java.launcher" value="SUN_STANDARD"/>
    <property name="user.country" value="US"/>
    <property name="sun.boot.library.path" value="C:\Program Files\Java\jdk-17\bin"/>
    <property name="sun.java.command" value="C:\Users\nuthula_pooja\AppData\Local\Temp\surefire3166157355849644996\surefirebooter-20250211164301178_3.jar C:\Users\nuthula_pooja\AppData\Local\Temp\surefire3166157355849644996 2025-02-11T16-43-00_884-jvmRun1 surefire-20250211164301178_1tmp surefire_0-20250211164301178_2tmp"/>
    <property name="jdk.debug" value="release"/>
    <property name="surefire.test.class.path" value="C:\Users\nuthula_pooja\TestngCalculator\target\test-classes;C:\Users\nuthula_pooja\TestngCalculator\target\classes;C:\Users\nuthula_pooja\.m2\repository\org\testng\testng\7.10.2\testng-7.10.2.jar;C:\Users\nuthula_pooja\.m2\repository\org\slf4j\slf4j-api\1.7.36\slf4j-api-1.7.36.jar;C:\Users\nuthula_pooja\.m2\repository\com\beust\jcommander\1.82\jcommander-1.82.jar;C:\Users\nuthula_pooja\.m2\repository\org\webjars\jquery\3.7.1\jquery-3.7.1.jar;C:\Users\nuthula_pooja\.m2\repository\io\qameta\allure\allure-testng\2.17.3\allure-testng-2.17.3.jar;C:\Users\nuthula_pooja\.m2\repository\io\qameta\allure\allure-java-commons\2.17.3\allure-java-commons-2.17.3.jar;C:\Users\nuthula_pooja\.m2\repository\io\qameta\allure\allure-model\2.17.3\allure-model-2.17.3.jar;C:\Users\nuthula_pooja\.m2\repository\io\qameta\allure\allure-test-filter\2.17.3\allure-test-filter-2.17.3.jar;C:\Users\nuthula_pooja\.m2\repository\com\epam\tat\module4\1.0\module4-1.0.jar;C:\Users\nuthula_pooja\.m2\repository\junit\junit\4.12\junit-4.12.jar;C:\Users\nuthula_pooja\.m2\repository\org\hamcrest\hamcrest-core\1.3\hamcrest-core-1.3.jar;"/>
    <property name="sun.cpu.endian" value="little"/>
    <property name="user.home" value="C:\Users\nuthula_pooja"/>
    <property name="user.language" value="en"/>
    <property name="java.specification.vendor" value="Oracle Corporation"/>
    <property name="java.version.date" value="2024-01-16"/>
    <property name="java.home" value="C:\Program Files\Java\jdk-17"/>
    <property name="file.separator" value="\"/>
    <property name="basedir" value="C:\Users\nuthula_pooja\TestngCalculator"/>
    <property name="java.vm.compressedOopsMode" value="Zero based"/>
    <property name="line.separator" value="&#10;"/>
    <property name="java.vm.specification.vendor" value="Oracle Corporation"/>
    <property name="java.specification.name" value="Java Platform API Specification"/>
    <property name="surefire.real.class.path" value="C:\Users\nuthula_pooja\AppData\Local\Temp\surefire3166157355849644996\surefirebooter-20250211164301178_3.jar"/>
    <property name="user.script" value=""/>
    <property name="sun.management.compiler" value="HotSpot 64-Bit Tiered Compilers"/>
    <property name="java.runtime.version" value="17.0.10+11-LTS-240"/>
    <property name="user.name" value="pooja_nuthula"/>
    <property name="path.separator" value=";"/>
    <property name="os.version" value="10.0"/>
    <property name="java.runtime.name" value="Java(TM) SE Runtime Environment"/>
    <property name="file.encoding" value="Cp1252"/>
    <property name="java.vm.name" value="Java HotSpot(TM) 64-Bit Server VM"/>
    <property name="localRepository" value="C:\Users\nuthula_pooja\.m2\repository"/>
    <property name="java.vendor.url.bug" value="https://bugreport.java.com/bugreport/"/>
    <property name="java.io.tmpdir" value="C:\Users\NUTHUL~1\AppData\Local\Temp\"/>
    <property name="java.version" value="17.0.10"/>
    <property name="user.dir" value="C:\Users\nuthula_pooja\TestngCalculator"/>
    <property name="os.arch" value="amd64"/>
    <property name="java.vm.specification.name" value="Java Virtual Machine Specification"/>
    <property name="sun.os.patch.level" value=""/>
    <property name="native.encoding" value="Cp1252"/>
    <property name="java.library.path" value="C:\Program Files\Java\jdk-17\bin;C:\Windows\Sun\Java\bin;C:\Windows\system32;C:\Windows;C:\Program Files\Git\mingw64\bin;C:\Program Files\Git\usr\bin;C:\Users\nuthula_pooja\bin;C:\Program Files\Common Files\Oracle\Java\javapath;C:\Windows\system32;C:\Windows;C:\Windows\System32\Wbem;C:\Windows\System32\WindowsPowerShell\v1.0;C:\Windows\System32\OpenSSH;C:\Program Files\apache-maven-3.9.6\bin;C:\Program Files\Java\jdk-17;C:\Program Files\Java\jdk-17\bin;C:\Program Files\Git\cmd;C:\Users\nuthula_pooja\Downloads\apache-maven-3.9.6-bin\apache-maven-3.9.6\bin;C:\Users\nuthula_pooja\Downloads\allure-2.29.0\allure-2.29.0\bin;C:\Program Files\Amazon\AWSCLIV2;C:\Program Files\dotnet;C:\Program Files (x86)\Windows Kits\10\Windows Performance Toolkit;C:\Program Files\nodejs;C:\Program Files\Docker\Docker\resources\bin;C:\Users\nuthula_pooja\AppData\Local\Programs\Python\Python312\Scripts;C:\Users\nuthula_pooja\AppData\Local\Programs\Python\Python312;C:\Users\nuthula_pooja\AppData\Local\Programs\Python\Launcher;C:\Program Files\MySQL\MySQL Shell 8.0\bin;C:\Users\nuthula_pooja\AppData\Local\Microsoft\WindowsApps;C:\Users\nuthula_pooja\Downloads\gradle-8.8-bin\gradle-8.8\bin;C:\Users\nuthula_pooja\AppData\Local\Programs\Microsoft VS Code\bin;C:\Users\nuthula_pooja\AppData\Roaming\npm;."/>
    <property name="java.vm.info" value="mixed mode, sharing"/>
    <property name="java.vendor" value="Oracle Corporation"/>
    <property name="java.vm.version" value="17.0.10+11-LTS-240"/>
    <property name="sun.io.unicode.encoding" value="UnicodeLittle"/>
    <property name="java.class.version" value="61.0"/>
  </properties>
  <testcase name="positiveDoubleArithmeticTest[2.5, 1.5](1)" classname="CalculatorTesting" time="0.191">
    <system-out><![CDATA[onStart method started
BeforeClass: Initializing Calculator instance.
Test started [TestResult name=positiveDoubleSingleTest status=STARTED method=CalculatorTesting.positiveDoubleSingleTest(double)[pri:0, instance:CalculatorTesting@130c12b7] output={null}]
Test started [TestResult name=positiveDoubleArithmeticTest status=STARTED method=CalculatorTesting.positiveDoubleArithmeticTest(double,double)[pri:0, instance:CalculatorTesting@130c12b7] output={null}]
Test success [TestResult name=positiveDoubleArithmeticTest status=SUCCESS method=CalculatorTesting.positiveDoubleArithmeticTest(double,double)[pri:0, instance:CalculatorTesting@130c12b7] output={null}]
Test success [TestResult name=positiveDoubleSingleTest status=SUCCESS method=CalculatorTesting.positiveDoubleSingleTest(double)[pri:0, instance:CalculatorTesting@130c12b7] output={null}]
]]></system-out>
    <system-err><![CDATA[SLF4J: Failed to load class "org.slf4j.impl.StaticLoggerBinder".
SLF4J: Defaulting to no-operation (NOP) logger implementation
SLF4J: See http://www.slf4j.org/codes.html#StaticLoggerBinder for further details.
]]></system-err>
  </testcase>
  <testcase name="positiveDoubleSingleTest[2.5](1)" classname="CalculatorTesting" time="0.196"/>
  <testcase name="positiveDoubleSingleTest[0.0](2)" classname="CalculatorTesting" time="0.009">
    <system-out><![CDATA[Test started [TestResult name=positiveDoubleSingleTest status=STARTED method=CalculatorTesting.positiveDoubleSingleTest(double)[pri:0, instance:CalculatorTesting@130c12b7] output={null}]
Test started [TestResult name=positiveDoubleArithmeticTest status=STARTED method=CalculatorTesting.positiveDoubleArithmeticTest(double,double)[pri:0, instance:CalculatorTesting@130c12b7] output={null}]
Test success [TestResult name=positiveDoubleArithmeticTest status=SUCCESS method=CalculatorTesting.positiveDoubleArithmeticTest(double,double)[pri:0, instance:CalculatorTesting@130c12b7] output={null}]
Test success [TestResult name=positiveDoubleSingleTest status=SUCCESS method=CalculatorTesting.positiveDoubleSingleTest(double)[pri:0, instance:CalculatorTesting@130c12b7] output={null}]
]]></system-out>
  </testcase>
  <testcase name="positiveDoubleArithmeticTest[5.0, 2.0](2)" classname="CalculatorTesting" time="0.011"/>
  <testcase name="positiveDoubleSingleTest[-3.3](3)" classname="CalculatorTesting" time="0.007">
    <system-out><![CDATA[Test started [TestResult name=positiveDoubleSingleTest status=STARTED method=CalculatorTesting.positiveDoubleSingleTest(double)[pri:0, instance:CalculatorTesting@130c12b7] output={null}]
Test success [TestResult name=positiveDoubleSingleTest status=SUCCESS method=CalculatorTesting.positiveDoubleSingleTest(double)[pri:0, instance:CalculatorTesting@130c12b7] output={null}]
Test started [TestResult name=positiveDoubleArithmeticTest status=STARTED method=CalculatorTesting.positiveDoubleArithmeticTest(double,double)[pri:0, instance:CalculatorTesting@130c12b7] output={null}]
Test success [TestResult name=positiveDoubleArithmeticTest status=SUCCESS method=CalculatorTesting.positiveDoubleArithmeticTest(double,double)[pri:0, instance:CalculatorTesting@130c12b7] output={null}]
]]></system-out>
  </testcase>
  <testcase name="positiveDoubleArithmeticTest[-3.3, 4.0](3)" classname="CalculatorTesting" time="0.009"/>
  <testcase name="positiveLongArithmeticTest[10, 5](1)" classname="CalculatorTesting" time="0.013">
    <system-out><![CDATA[Test started [TestResult name=positiveLongSingleTest status=STARTED method=CalculatorTesting.positiveLongSingleTest(long)[pri:0, instance:CalculatorTesting@130c12b7] output={null}]
Test started [TestResult name=positiveLongArithmeticTest status=STARTED method=CalculatorTesting.positiveLongArithmeticTest(long,long)[pri:0, instance:CalculatorTesting@130c12b7] output={null}]
Test success [TestResult name=positiveLongSingleTest status=SUCCESS method=CalculatorTesting.positiveLongSingleTest(long)[pri:0, instance:CalculatorTesting@130c12b7] output={null}]
Test success [TestResult name=positiveLongArithmeticTest status=SUCCESS method=CalculatorTesting.positiveLongArithmeticTest(long,long)[pri:0, instance:CalculatorTesting@130c12b7] output={null}]
]]></system-out>
  </testcase>
  <testcase name="positiveLongSingleTest[10](1)" classname="CalculatorTesting" time="0.014"/>
  <testcase name="positiveLongArithmeticTest[20, 0](2)" classname="CalculatorTesting" time="0.001">
    <system-out><![CDATA[Test started [TestResult name=positiveLongArithmeticTest status=STARTED method=CalculatorTesting.positiveLongArithmeticTest(long,long)[pri:0, instance:CalculatorTesting@130c12b7] output={null}]
Test success [TestResult name=positiveLongArithmeticTest status=SUCCESS method=CalculatorTesting.positiveLongArithmeticTest(long,long)[pri:0, instance:CalculatorTesting@130c12b7] output={null}]
]]></system-out>
  </testcase>
  <testcase name="positiveLongArithmeticTest[-10, 3](3)" classname="CalculatorTesting" time="0.004">
    <system-out><![CDATA[Test started [TestResult name=positiveLongArithmeticTest status=STARTED method=CalculatorTesting.positiveLongArithmeticTest(long,long)[pri:0, instance:CalculatorTesting@130c12b7] output={null}]
Test success [TestResult name=positiveLongArithmeticTest status=SUCCESS method=CalculatorTesting.positiveLongArithmeticTest(long,long)[pri:0, instance:CalculatorTesting@130c12b7] output={null}]
]]></system-out>
  </testcase>
  <testcase name="positiveLongSingleTest[0](2)" classname="CalculatorTesting" time="0.022">
    <system-out><![CDATA[Test started [TestResult name=positiveTrigonometryTest status=STARTED method=CalculatorTesting.positiveTrigonometryTest()[pri:0, instance:CalculatorTesting@130c12b7] output={null}]
Test started [TestResult name=positiveLongSingleTest status=STARTED method=CalculatorTesting.positiveLongSingleTest(long)[pri:0, instance:CalculatorTesting@130c12b7] output={null}]
Test success [TestResult name=positiveLongSingleTest status=SUCCESS method=CalculatorTesting.positiveLongSingleTest(long)[pri:0, instance:CalculatorTesting@130c12b7] output={null}]
]]></system-out>
  </testcase>
  <testcase name="positiveLongSingleTest[-5](3)" classname="CalculatorTesting" time="0.002">
    <system-out><![CDATA[Test started [TestResult name=positiveLongSingleTest status=STARTED method=CalculatorTesting.positiveLongSingleTest(long)[pri:0, instance:CalculatorTesting@130c12b7] output={null}]
Test success [TestResult name=positiveLongSingleTest status=SUCCESS method=CalculatorTesting.positiveLongSingleTest(long)[pri:0, instance:CalculatorTesting@130c12b7] output={null}]
]]></system-out>
  </testcase>
  <testcase name="positiveTrigonometryTest" classname="CalculatorTesting" time="0.993">
    <system-out><![CDATA[Test success [TestResult name=positiveTrigonometryTest status=SUCCESS method=CalculatorTesting.positiveTrigonometryTest()[pri:0, instance:CalculatorTesting@130c12b7] output={null}]
]]></system-out>
  </testcase>
</testsuite>